<?xml version="1.0" encoding="UTF-8"?>
<!-- Generated by org.testng.reporters.JUnitXMLReporter -->
<testsuite ignored="0" hostname="david-Z170X-UD5" failures="1" tests="5" name="users-suite" time="2.052" errors="0" timestamp="17 May 2021 13:43:44 GMT">
  <testcase classname="MockedTests" name="someTest" time="0.701">
    <failure type="java.lang.AssertionError" message="expected [true] but found [false]">
      <![CDATA[java.lang.AssertionError: expected [true] but found [false]
	at MockedTests.someTest(MockedTests.java:70)
... Removed 33 stack frames]]>
    </failure>
  </testcase> <!-- someTest -->
  <testcase classname="MockedTests" name="someOtherTest" time="0.151"/>
  <testcase classname="MockedTests" name="yetSomeOtherTest" time="0.163"/>
  <testcase classname="MockedTests" name="almostTheLastTest" time="0.251"/>
  <testcase classname="MockedTests" name="theLastTest" time="0.26"/>
</testsuite> <!-- users-suite -->
