<?xml version="1.0" encoding="UTF-8"?>
<!-- Generated by org.testng.reporters.JUnitXMLReporter -->
<testsuite ignored="0" hostname="david-ThinkPad-E495" failures="1" tests="5" name="users-suite" time="9.235" errors="0" timestamp="16 May 2021 21:59:40 GMT">
  <testcase classname="MockedTests" name="someTest" time="3.293">
    <failure type="java.lang.AssertionError" message="expected [true] but found [false]">
      <![CDATA[java.lang.AssertionError: expected [true] but found [false]
	at MockedTests.someTest(MockedTests.java:68)
... Removed 33 stack frames]]>
    </failure>
  </testcase> <!-- someTest -->
  <testcase classname="MockedTests" name="someOtherTest" time="0.515"/>
  <testcase classname="MockedTests" name="yetSomeOtherTest" time="0.178"/>
  <testcase classname="MockedTests" name="almostTheLastTest" time="0.178"/>
  <testcase classname="MockedTests" name="theLastTest" time="0.181"/>
</testsuite> <!-- users-suite -->
