-------------------------------------------------------------------------------
Test set: TestSuite
-------------------------------------------------------------------------------
Tests run: 5, Failures: 1, Errors: 0, Skipped: 0, Time elapsed: 3.469 s <<< FAILURE! - in TestSuite
someTest(MockedTests)  Time elapsed: 1.422 s  <<< FAILURE!
java.lang.AssertionError: expected [true] but found [false]
	at MockedTests.someTest(MockedTests.java:70)

